<?xml version="1.0" encoding="UTF-8"?>
<testsuite xmlns:xsi="http://www.w3.org/2001/XMLSchema-instance" xsi:noNamespaceSchemaLocation="https://maven.apache.org/surefire/maven-surefire-plugin/xsd/surefire-test-report.xsd" name="com.sachin.stockservice.StockServiceApplicationTests" time="21.584" tests="2" errors="0" skipped="0" failures="1">
  <properties>
[...]
</properties>
  <testcase name="contextLoads" classname="com.sachin.stockservice.StockServiceApplicationTests" time="0.258"/>
  <testcase name="testStockQuotePost" classname="com.sachin.stockservice.StockServiceApplicationTests" time="0.47">
    <failure message="&#10;Expected: description&#10;     but none found&#10; ; id&#10;Expected: Course1&#10;     got: c81ca87b-0931-4914-8aeb-84d33cf13986&#10; ; name&#10;Expected: Spring&#10;     got: TCS.NS&#10;" type="java.lang.AssertionError">java.lang.AssertionError: 

Expected: description
     but none found
 ; id
Expected: Course1
     got: c81ca87b-0931-4914-8aeb-84d33cf13986
 ; name
Expected: Spring
     got: TCS.NS

	at com.sachin.stockservice.StockServiceApplicationTests.testStockQuotePost(StockServiceApplicationTests.java:56)
</failure>
    <system-out><![CDATA[2021-12-30 14:11:12.572  INFO 8012 --- [o-auto-1-exec-1] o.a.c.c.C.[Tomcat].[localhost].[/]       : Initializing Spring DispatcherServlet 'dispatcherServlet'
2021-12-30 14:11:12.572  INFO 8012 --- [o-auto-1-exec-1] o.s.web.servlet.DispatcherServlet        : Initializing Servlet 'dispatcherServlet'
2021-12-30 14:11:12.588  INFO 8012 --- [o-auto-1-exec-1] o.s.web.servlet.DispatcherServlet        : Completed initialization in 16 ms
2021-12-30 14:11:12.655  INFO 8012 --- [o-auto-1-exec-1] y.quotes.query1v7.QuotesRequest          : Sending request: https://query1.finance.yahoo.com/v7/finance/quote?symbols=TCS.NS
2021-12-30 14:11:12.896  INFO 8012 --- [o-auto-1-exec-1] c.s.s.kafka.EventMessageProducer         : MESSAGE SENT FROM PRODUCER END -> StockDetailsEvent(id=c81ca87b-0931-4914-8aeb-84d33cf13986, name=TCS.NS, datetime=2021-12-30, open=3681.35, high=3739.45, low=3680.0, close=3730.6, adjClose=3730.6, volume=1293345, price=3730.6)
2021-12-30 14:11:12.896  INFO 8012 --- [o-auto-1-exec-1] o.a.k.clients.producer.ProducerConfig    : ProducerConfig values: 
	acks = 1
	batch.size = 16384
	bootstrap.servers = [localhost:9092]
	buffer.memory = 33554432
	client.dns.lookup = default
	client.id = producer-3
	compression.type = none
	connections.max.idle.ms = 540000
	delivery.timeout.ms = 120000
	enable.idempotence = false
	interceptor.classes = []
	key.serializer = class org.apache.kafka.common.serialization.StringSerializer
	linger.ms = 0
	max.block.ms = 60000
	max.in.flight.requests.per.connection = 5
	max.request.size = 1048576
	metadata.max.age.ms = 300000
	metadata.max.idle.ms = 300000
	metric.reporters = []
	metrics.num.samples = 2
	metrics.recording.level = INFO
	metrics.sample.window.ms = 30000
	partitioner.class = class org.apache.kafka.clients.producer.internals.DefaultPartitioner
	receive.buffer.bytes = 32768
	reconnect.backoff.max.ms = 1000
	reconnect.backoff.ms = 50
	request.timeout.ms = 30000
	retries = 2147483647
	retry.backoff.ms = 100
	sasl.client.callback.handler.class = null
	sasl.jaas.config = null
	sasl.kerberos.kinit.cmd = /usr/bin/kinit
	sasl.kerberos.min.time.before.relogin = 60000
	sasl.kerberos.service.name = null
	sasl.kerberos.ticket.renew.jitter = 0.05
	sasl.kerberos.ticket.renew.window.factor = 0.8
	sasl.login.callback.handler.class = null
	sasl.login.class = null
	sasl.login.refresh.buffer.seconds = 300
	sasl.login.refresh.min.period.seconds = 60
	sasl.login.refresh.window.factor = 0.8
	sasl.login.refresh.window.jitter = 0.05
	sasl.mechanism = GSSAPI
	security.protocol = PLAINTEXT
	security.providers = null
	send.buffer.bytes = 131072
	ssl.cipher.suites = null
	ssl.enabled.protocols = [TLSv1.2]
	ssl.endpoint.identification.algorithm = https
	ssl.key.password = null
	ssl.keymanager.algorithm = SunX509
	ssl.keystore.location = null
	ssl.keystore.password = null
	ssl.keystore.type = JKS
	ssl.protocol = TLSv1.2
	ssl.provider = null
	ssl.secure.random.implementation = null
	ssl.trustmanager.algorithm = PKIX
	ssl.truststore.location = null
	ssl.truststore.password = null
	ssl.truststore.type = JKS
	transaction.timeout.ms = 60000
	transactional.id = null
	value.serializer = class org.springframework.kafka.support.serializer.JsonSerializer

2021-12-30 14:11:12.901  INFO 8012 --- [o-auto-1-exec-1] o.a.kafka.common.utils.AppInfoParser     : Kafka version: 2.5.1
2021-12-30 14:11:12.901  INFO 8012 --- [o-auto-1-exec-1] o.a.kafka.common.utils.AppInfoParser     : Kafka commitId: 0efa8fb0f4c73d92
2021-12-30 14:11:12.901  INFO 8012 --- [o-auto-1-exec-1] o.a.kafka.common.utils.AppInfoParser     : Kafka startTimeMs: 1640853672901
2021-12-30 14:11:12.905  INFO 8012 --- [ad | producer-3] org.apache.kafka.clients.Metadata        : [Producer clientId=producer-3] Cluster ID: U125KfmJQu-YDYCjsmtA-g
{"id":"c81ca87b-0931-4914-8aeb-84d33cf13986","name":"TCS.NS","datetime":"2021-12-30"}
2021-12-30 14:11:12.934  INFO 8012 --- [ntainer#0-0-C-1] c.s.s.kafka.EventMessageConsumer         : Event created -> StockDetailsEvent(id=c81ca87b-0931-4914-8aeb-84d33cf13986, name=TCS.NS, datetime=2021-12-30, open=3681.35, high=3739.45, low=3680.0, close=3730.6, adjClose=3730.6, volume=1293345, price=3730.6)
2021-12-30 14:11:12.938  INFO 8012 --- [quest-handler-5] kafka.zk.AdminZkClient                   : Creating topic stockeventssource with configuration {} and initial partition assignment HashMap(0 -> ArrayBuffer(0))
2021-12-30 14:11:12.941  INFO 8012 --- [quest-handler-5] kafka.server.KafkaApis                   : [KafkaApi-0] Auto creation of topic stockeventssource with 1 partitions and replication factor 1 is successful
2021-12-30 14:11:12.942  WARN 8012 --- [ad | producer-3] org.apache.kafka.clients.NetworkClient   : [Producer clientId=producer-3] Error while fetching metadata with correlation id 4 : {stockeventssource=LEADER_NOT_AVAILABLE}
2021-12-30 14:11:12.943  INFO 8012 --- [er-event-thread] kafka.controller.KafkaController         : [Controller id=0] New topics: [Set(stockeventssource)], deleted topics: [Set()], new partition replica assignment [Map(stockeventssource-0 -> ReplicaAssignment(replicas=0, addingReplicas=, removingReplicas=))]
2021-12-30 14:11:12.943  INFO 8012 --- [er-event-thread] kafka.controller.KafkaController         : [Controller id=0] New partition creation callback for stockeventssource-0
]]></system-out>
  </testcase>
</testsuite>